<?xml version="1.0" encoding="UTF-8"?>
<!-- Generated by org.testng.reporters.JUnitReportReporter -->
<testsuite hostname="DESKTOP-GDICSB8" failures="0" tests="7" name="ClassThree" time="3.462" errors="0" timestamp="2024-09-27T00:47:22 EET" skipped="1">
  <testcase classname="ClassThree" name="checkhoteltab" time="0.083"/>
  <system-out/>
  <testcase classname="ClassThree" name="checkthelogo" time="0.063"/>
  <system-out/>
  <testcase classname="ClassThree" name="date" time="3.002"/>
  <system-out/>
  <testcase classname="ClassThree" name="checkPhonenumber" time="0.068"/>
  <system-out/>
  <testcase classname="ClassThree" name="checkLanguageandcurrency" time="0.186"/>
  <system-out/>
  <testcase classname="ClassThree" name="welcomeText" time="0.060"/>
  <system-out/>
  <testcase classname="ClassThree" name="LanguageRandomly">
    <skipped/>
  </testcase> <!-- LanguageRandomly -->
  <system-out/>
</testsuite> <!-- ClassThree -->
